Route was added:67
Route was added:68
exception 'PDOException' with message 'SQLSTATE[HY000]: General error: 1366 Incorrect integer value: '' for column 'seats' at row 2' in E:\Dropbox\Dev\autostop\functions2.php:110
Stack trace:
#0 E:\Dropbox\Dev\autostop\functions2.php(110): PDOStatement->execute()
#1 E:\Dropbox\Dev\autostop\new.php(9): new_route()
#2 {main}
exception 'PDOException' with message 'SQLSTATE[HY000]: General error: 1366 Incorrect integer value: '' for column 'seats' at row 2' in E:\Dropbox\Dev\autostop\functions2.php:113
Stack trace:
#0 E:\Dropbox\Dev\autostop\functions2.php(113): PDOStatement->execute()
#1 E:\Dropbox\Dev\autostop\new.php(9): new_route()
#2 {main}
exception 'PDOException' with message 'SQLSTATE[HY000]: General error: 1366 Incorrect integer value: '' for column 'seats' at row 2' in E:\Dropbox\Dev\autostop\functions2.php:113
Stack trace:
#0 E:\Dropbox\Dev\autostop\functions2.php(113): PDOStatement->execute()
#1 E:\Dropbox\Dev\autostop\new.php(9): new_route()
#2 {main}
exception 'PDOException' with message 'SQLSTATE[HY000]: General error: 1366 Incorrect integer value: '' for column 'seats' at row 2' in E:\Dropbox\Dev\autostop\functions2.php:113
Stack trace:
#0 E:\Dropbox\Dev\autostop\functions2.php(113): PDOStatement->execute()
#1 E:\Dropbox\Dev\autostop\new.php(9): new_route()
#2 {main}
exception 'PDOException' with message 'SQLSTATE[HY000]: General error: 1366 Incorrect integer value: '' for column 'seats' at row 2' in E:\Dropbox\Dev\autostop\functions2.php:113
Stack trace:
#0 E:\Dropbox\Dev\autostop\functions2.php(113): PDOStatement->execute()
#1 E:\Dropbox\Dev\autostop\new.php(9): new_route()
#2 {main}
exception 'PDOException' with message 'SQLSTATE[HY000]: General error: 1366 Incorrect integer value: '' for column 'seats' at row 2' in E:\Dropbox\Dev\autostop\functions2.php:113
Stack trace:
#0 E:\Dropbox\Dev\autostop\functions2.php(113): PDOStatement->execute()
#1 E:\Dropbox\Dev\autostop\new.php(9): new_route()
#2 {main}
Route was added:69
Route was added:70
Route was added:71
Route was added:72
Route was added:73